<?xml version="1.0" encoding="UTF-8"?>
<TestRun id="08572850-7284-4ed8-8527-6625df57afa9" name="Admin@DOTNET 2018-09-06 17:33:39" runUser="DOTNET\Admin" xmlns="http://microsoft.com/schemas/VisualStudio/TeamTest/2010">
  <TestSettings name="Default Test Settings" id="c960679f-1666-4054-b161-8f4ad65594c5">
    <Execution>
      <TestTypeSpecific />
      <AgentRule name="Execution Agents">
      </AgentRule>
    </Execution>
    <Deployment runDeploymentRoot="Admin_DOTNET 2018-09-06 17_33_39" />
    <Properties />
  </TestSettings>
  <Times creation="2018-09-06T17:33:40.0649331+05:30" queuing="2018-09-06T17:33:45.1893414+05:30" start="2018-09-06T17:33:45.7383411+05:30" finish="2018-09-06T17:33:50.1933376+05:30" />
  <ResultSummary outcome="Completed">
    <Counters total="18" executed="18" passed="18" error="0" failed="0" timeout="0" aborted="0" inconclusive="0" passedButRunAborted="0" notRunnable="0" notExecuted="0" disconnected="0" warning="0" completed="0" inProgress="0" pending="0" />
  </ResultSummary>
  <TestDefinitions>
    <UnitTest name="AddTask" storage="projectmanagerportal.tests.dll" id="50109d55-4f95-49e4-e517-80dd5b2e999e">
      <Execution id="1379ef9b-a8d9-46e6-be18-0efe16726fb5" />
      <TestMethod codeBase="C:/Users/Admin/Documents/Visual Studio 2017/Projects/ProjectManagerPortal/ProjectManagerPortal.Tests/bin/Debug/ProjectManagerPortal.Tests.dll" adapterTypeName="Microsoft.VisualStudio.TestTools.TestTypes.Unit.UnitTestAdapter, Microsoft.VisualStudio.QualityTools.Tips.UnitTest.Adapter, Version=15.0.0.0, Culture=neutral, PublicKeyToken=b03f5f7f11d50a3a" className="ProjectManagerPortal.Tests.TaskControllerTest, ProjectManagerPortal.Tests, Version=1.0.0.0, Culture=neutral, PublicKeyToken=null" name="AddTask" />
    </UnitTest>
    <UnitTest name="GetAllParentTask" storage="projectmanagerportal.tests.dll" id="28e4cfa6-5da4-02f6-a712-bed6d39c2f6c">
      <Execution id="0fc8a396-a502-442c-a1f1-52eab3d70c4f" />
      <TestMethod codeBase="C:/Users/Admin/Documents/Visual Studio 2017/Projects/ProjectManagerPortal/ProjectManagerPortal.Tests/bin/Debug/ProjectManagerPortal.Tests.dll" adapterTypeName="Microsoft.VisualStudio.TestTools.TestTypes.Unit.UnitTestAdapter, Microsoft.VisualStudio.QualityTools.Tips.UnitTest.Adapter, Version=15.0.0.0, Culture=neutral, PublicKeyToken=b03f5f7f11d50a3a" className="ProjectManagerPortal.Tests.ParentTaskControllerTest, ProjectManagerPortal.Tests, Version=1.0.0.0, Culture=neutral, PublicKeyToken=null" name="GetAllParentTask" />
    </UnitTest>
    <UnitTest name="GetProject" storage="projectmanagerportal.tests.dll" id="3dba0dc0-bdfe-fdf9-149e-5f041638851e">
      <Execution id="00da8e9b-71a8-4d96-b475-3c2d13c09080" />
      <TestMethod codeBase="C:/Users/Admin/Documents/Visual Studio 2017/Projects/ProjectManagerPortal/ProjectManagerPortal.Tests/bin/Debug/ProjectManagerPortal.Tests.dll" adapterTypeName="Microsoft.VisualStudio.TestTools.TestTypes.Unit.UnitTestAdapter, Microsoft.VisualStudio.QualityTools.Tips.UnitTest.Adapter, Version=15.0.0.0, Culture=neutral, PublicKeyToken=b03f5f7f11d50a3a" className="ProjectManagerPortal.Tests.ProjectControllerTest, ProjectManagerPortal.Tests, Version=1.0.0.0, Culture=neutral, PublicKeyToken=null" name="GetProject" />
    </UnitTest>
    <UnitTest name="GetAllTasks" storage="projectmanagerportal.tests.dll" id="2b178557-33f4-11f3-0859-fb3be54847cc">
      <Execution id="f6d0a9ef-ec8f-4455-8689-9a0a89459262" />
      <TestMethod codeBase="C:/Users/Admin/Documents/Visual Studio 2017/Projects/ProjectManagerPortal/ProjectManagerPortal.Tests/bin/Debug/ProjectManagerPortal.Tests.dll" adapterTypeName="Microsoft.VisualStudio.TestTools.TestTypes.Unit.UnitTestAdapter, Microsoft.VisualStudio.QualityTools.Tips.UnitTest.Adapter, Version=15.0.0.0, Culture=neutral, PublicKeyToken=b03f5f7f11d50a3a" className="ProjectManagerPortal.Tests.TaskControllerTest, ProjectManagerPortal.Tests, Version=1.0.0.0, Culture=neutral, PublicKeyToken=null" name="GetAllTasks" />
    </UnitTest>
    <UnitTest name="UpdateUser" storage="projectmanagerportal.tests.dll" id="fdfe1506-a0c4-3415-28e3-8ea39463adb8">
      <Execution id="5dec334c-d4ae-49aa-ace3-821b973c454d" />
      <TestMethod codeBase="C:/Users/Admin/Documents/Visual Studio 2017/Projects/ProjectManagerPortal/ProjectManagerPortal.Tests/bin/Debug/ProjectManagerPortal.Tests.dll" adapterTypeName="Microsoft.VisualStudio.TestTools.TestTypes.Unit.UnitTestAdapter, Microsoft.VisualStudio.QualityTools.Tips.UnitTest.Adapter, Version=15.0.0.0, Culture=neutral, PublicKeyToken=b03f5f7f11d50a3a" className="ProjectManagerPortal.Tests.UserControllerTest, ProjectManagerPortal.Tests, Version=1.0.0.0, Culture=neutral, PublicKeyToken=null" name="UpdateUser" />
    </UnitTest>
    <UnitTest name="DeleteUser" storage="projectmanagerportal.tests.dll" id="849e0abc-f102-38aa-b4ea-af6c1b089f88">
      <Execution id="5e372f43-7252-4016-929c-7691171ea8b0" />
      <TestMethod codeBase="C:/Users/Admin/Documents/Visual Studio 2017/Projects/ProjectManagerPortal/ProjectManagerPortal.Tests/bin/Debug/ProjectManagerPortal.Tests.dll" adapterTypeName="Microsoft.VisualStudio.TestTools.TestTypes.Unit.UnitTestAdapter, Microsoft.VisualStudio.QualityTools.Tips.UnitTest.Adapter, Version=15.0.0.0, Culture=neutral, PublicKeyToken=b03f5f7f11d50a3a" className="ProjectManagerPortal.Tests.UserControllerTest, ProjectManagerPortal.Tests, Version=1.0.0.0, Culture=neutral, PublicKeyToken=null" name="DeleteUser" />
    </UnitTest>
    <UnitTest name="DeassignProject" storage="projectmanagerportal.tests.dll" id="9d91d151-f33e-5b02-451b-c4ae6abcf7a6">
      <Execution id="c3ceeefc-4fc5-4f32-a3d0-6049589f5fe1" />
      <TestMethod codeBase="C:/Users/Admin/Documents/Visual Studio 2017/Projects/ProjectManagerPortal/ProjectManagerPortal.Tests/bin/Debug/ProjectManagerPortal.Tests.dll" adapterTypeName="Microsoft.VisualStudio.TestTools.TestTypes.Unit.UnitTestAdapter, Microsoft.VisualStudio.QualityTools.Tips.UnitTest.Adapter, Version=15.0.0.0, Culture=neutral, PublicKeyToken=b03f5f7f11d50a3a" className="ProjectManagerPortal.Tests.TaskControllerTest, ProjectManagerPortal.Tests, Version=1.0.0.0, Culture=neutral, PublicKeyToken=null" name="DeassignProject" />
    </UnitTest>
    <UnitTest name="UpdateTask" storage="projectmanagerportal.tests.dll" id="ed260f36-6fd4-c3b1-64ea-e164e1175524">
      <Execution id="50e112ee-9841-4486-8315-c2fb85ccc8ba" />
      <TestMethod codeBase="C:/Users/Admin/Documents/Visual Studio 2017/Projects/ProjectManagerPortal/ProjectManagerPortal.Tests/bin/Debug/ProjectManagerPortal.Tests.dll" adapterTypeName="Microsoft.VisualStudio.TestTools.TestTypes.Unit.UnitTestAdapter, Microsoft.VisualStudio.QualityTools.Tips.UnitTest.Adapter, Version=15.0.0.0, Culture=neutral, PublicKeyToken=b03f5f7f11d50a3a" className="ProjectManagerPortal.Tests.ParentTaskControllerTest, ProjectManagerPortal.Tests, Version=1.0.0.0, Culture=neutral, PublicKeyToken=null" name="UpdateTask" />
    </UnitTest>
    <UnitTest name="GetUser" storage="projectmanagerportal.tests.dll" id="692b5b60-1dff-2f2f-2530-1102cf640d91">
      <Execution id="cf534830-47fd-42f7-a56b-cac4cdf0bc77" />
      <TestMethod codeBase="C:/Users/Admin/Documents/Visual Studio 2017/Projects/ProjectManagerPortal/ProjectManagerPortal.Tests/bin/Debug/ProjectManagerPortal.Tests.dll" adapterTypeName="Microsoft.VisualStudio.TestTools.TestTypes.Unit.UnitTestAdapter, Microsoft.VisualStudio.QualityTools.Tips.UnitTest.Adapter, Version=15.0.0.0, Culture=neutral, PublicKeyToken=b03f5f7f11d50a3a" className="ProjectManagerPortal.Tests.UserControllerTest, ProjectManagerPortal.Tests, Version=1.0.0.0, Culture=neutral, PublicKeyToken=null" name="GetUser" />
    </UnitTest>
    <UnitTest name="GetParentTask" storage="projectmanagerportal.tests.dll" id="2621f184-5984-6831-c4c9-bb102475af5f">
      <Execution id="cb1981d2-2028-4f79-a43e-8532dc8c223c" />
      <TestMethod codeBase="C:/Users/Admin/Documents/Visual Studio 2017/Projects/ProjectManagerPortal/ProjectManagerPortal.Tests/bin/Debug/ProjectManagerPortal.Tests.dll" adapterTypeName="Microsoft.VisualStudio.TestTools.TestTypes.Unit.UnitTestAdapter, Microsoft.VisualStudio.QualityTools.Tips.UnitTest.Adapter, Version=15.0.0.0, Culture=neutral, PublicKeyToken=b03f5f7f11d50a3a" className="ProjectManagerPortal.Tests.ParentTaskControllerTest, ProjectManagerPortal.Tests, Version=1.0.0.0, Culture=neutral, PublicKeyToken=null" name="GetParentTask" />
    </UnitTest>
    <UnitTest name="AddUser" storage="projectmanagerportal.tests.dll" id="756fe383-90c7-258e-2c4e-bb9caf9dbfb8">
      <Execution id="bad9c76c-67fc-4258-850e-b6067804f9a0" />
      <TestMethod codeBase="C:/Users/Admin/Documents/Visual Studio 2017/Projects/ProjectManagerPortal/ProjectManagerPortal.Tests/bin/Debug/ProjectManagerPortal.Tests.dll" adapterTypeName="Microsoft.VisualStudio.TestTools.TestTypes.Unit.UnitTestAdapter, Microsoft.VisualStudio.QualityTools.Tips.UnitTest.Adapter, Version=15.0.0.0, Culture=neutral, PublicKeyToken=b03f5f7f11d50a3a" className="ProjectManagerPortal.Tests.UserControllerTest, ProjectManagerPortal.Tests, Version=1.0.0.0, Culture=neutral, PublicKeyToken=null" name="AddUser" />
    </UnitTest>
    <UnitTest name="UpdateTask" storage="projectmanagerportal.tests.dll" id="d8a3fd6a-d408-47b7-6d70-fddb27cd7919">
      <Execution id="f2ce6b23-546b-48d4-846b-6c5c788e5cb2" />
      <TestMethod codeBase="C:/Users/Admin/Documents/Visual Studio 2017/Projects/ProjectManagerPortal/ProjectManagerPortal.Tests/bin/Debug/ProjectManagerPortal.Tests.dll" adapterTypeName="Microsoft.VisualStudio.TestTools.TestTypes.Unit.UnitTestAdapter, Microsoft.VisualStudio.QualityTools.Tips.UnitTest.Adapter, Version=15.0.0.0, Culture=neutral, PublicKeyToken=b03f5f7f11d50a3a" className="ProjectManagerPortal.Tests.ProjectControllerTest, ProjectManagerPortal.Tests, Version=1.0.0.0, Culture=neutral, PublicKeyToken=null" name="UpdateTask" />
    </UnitTest>
    <UnitTest name="GetAllUsers" storage="projectmanagerportal.tests.dll" id="c4742d9d-c173-2c37-7672-3745e1e3bf23">
      <Execution id="f0db3d23-a951-43b8-aa0a-4946d2a1132d" />
      <TestMethod codeBase="C:/Users/Admin/Documents/Visual Studio 2017/Projects/ProjectManagerPortal/ProjectManagerPortal.Tests/bin/Debug/ProjectManagerPortal.Tests.dll" adapterTypeName="Microsoft.VisualStudio.TestTools.TestTypes.Unit.UnitTestAdapter, Microsoft.VisualStudio.QualityTools.Tips.UnitTest.Adapter, Version=15.0.0.0, Culture=neutral, PublicKeyToken=b03f5f7f11d50a3a" className="ProjectManagerPortal.Tests.UserControllerTest, ProjectManagerPortal.Tests, Version=1.0.0.0, Culture=neutral, PublicKeyToken=null" name="GetAllUsers" />
    </UnitTest>
    <UnitTest name="AddTask" storage="projectmanagerportal.tests.dll" id="1ff06788-63e0-8dad-78c7-82af51b2b214">
      <Execution id="fe2f5dad-ae6b-4fc1-a06f-9ae63a763149" />
      <TestMethod codeBase="C:/Users/Admin/Documents/Visual Studio 2017/Projects/ProjectManagerPortal/ProjectManagerPortal.Tests/bin/Debug/ProjectManagerPortal.Tests.dll" adapterTypeName="Microsoft.VisualStudio.TestTools.TestTypes.Unit.UnitTestAdapter, Microsoft.VisualStudio.QualityTools.Tips.UnitTest.Adapter, Version=15.0.0.0, Culture=neutral, PublicKeyToken=b03f5f7f11d50a3a" className="ProjectManagerPortal.Tests.ProjectControllerTest, ProjectManagerPortal.Tests, Version=1.0.0.0, Culture=neutral, PublicKeyToken=null" name="AddTask" />
    </UnitTest>
    <UnitTest name="UpdateTask" storage="projectmanagerportal.tests.dll" id="3039291a-6a6a-0df2-7e09-a484f4396418">
      <Execution id="175909c7-fcab-42b6-ad56-494dd55e24ac" />
      <TestMethod codeBase="C:/Users/Admin/Documents/Visual Studio 2017/Projects/ProjectManagerPortal/ProjectManagerPortal.Tests/bin/Debug/ProjectManagerPortal.Tests.dll" adapterTypeName="Microsoft.VisualStudio.TestTools.TestTypes.Unit.UnitTestAdapter, Microsoft.VisualStudio.QualityTools.Tips.UnitTest.Adapter, Version=15.0.0.0, Culture=neutral, PublicKeyToken=b03f5f7f11d50a3a" className="ProjectManagerPortal.Tests.TaskControllerTest, ProjectManagerPortal.Tests, Version=1.0.0.0, Culture=neutral, PublicKeyToken=null" name="UpdateTask" />
    </UnitTest>
    <UnitTest name="GetAllProjects" storage="projectmanagerportal.tests.dll" id="a1d13f7a-7549-a152-0d7a-50622971ca0a">
      <Execution id="f7291839-606f-49b9-abe8-61e2462e8236" />
      <TestMethod codeBase="C:/Users/Admin/Documents/Visual Studio 2017/Projects/ProjectManagerPortal/ProjectManagerPortal.Tests/bin/Debug/ProjectManagerPortal.Tests.dll" adapterTypeName="Microsoft.VisualStudio.TestTools.TestTypes.Unit.UnitTestAdapter, Microsoft.VisualStudio.QualityTools.Tips.UnitTest.Adapter, Version=15.0.0.0, Culture=neutral, PublicKeyToken=b03f5f7f11d50a3a" className="ProjectManagerPortal.Tests.ProjectControllerTest, ProjectManagerPortal.Tests, Version=1.0.0.0, Culture=neutral, PublicKeyToken=null" name="GetAllProjects" />
    </UnitTest>
    <UnitTest name="AddParentTask" storage="projectmanagerportal.tests.dll" id="ca4a756b-90f2-c9bf-5048-93eaef14c161">
      <Execution id="83546457-86e1-4260-a657-8e5fc73ee7bf" />
      <TestMethod codeBase="C:/Users/Admin/Documents/Visual Studio 2017/Projects/ProjectManagerPortal/ProjectManagerPortal.Tests/bin/Debug/ProjectManagerPortal.Tests.dll" adapterTypeName="Microsoft.VisualStudio.TestTools.TestTypes.Unit.UnitTestAdapter, Microsoft.VisualStudio.QualityTools.Tips.UnitTest.Adapter, Version=15.0.0.0, Culture=neutral, PublicKeyToken=b03f5f7f11d50a3a" className="ProjectManagerPortal.Tests.ParentTaskControllerTest, ProjectManagerPortal.Tests, Version=1.0.0.0, Culture=neutral, PublicKeyToken=null" name="AddParentTask" />
    </UnitTest>
    <UnitTest name="GetTask" storage="projectmanagerportal.tests.dll" id="85f7c12a-3656-1a90-bad4-0191f87a48bd">
      <Execution id="c4f105c5-4c1b-4f08-a97b-d97c9a4f1a1b" />
      <TestMethod codeBase="C:/Users/Admin/Documents/Visual Studio 2017/Projects/ProjectManagerPortal/ProjectManagerPortal.Tests/bin/Debug/ProjectManagerPortal.Tests.dll" adapterTypeName="Microsoft.VisualStudio.TestTools.TestTypes.Unit.UnitTestAdapter, Microsoft.VisualStudio.QualityTools.Tips.UnitTest.Adapter, Version=15.0.0.0, Culture=neutral, PublicKeyToken=b03f5f7f11d50a3a" className="ProjectManagerPortal.Tests.TaskControllerTest, ProjectManagerPortal.Tests, Version=1.0.0.0, Culture=neutral, PublicKeyToken=null" name="GetTask" />
    </UnitTest>
  </TestDefinitions>
  <TestLists>
    <TestList name="Results Not in a List" id="8c84fa94-04c1-424b-9868-57a2d4851a1d" />
    <TestList name="All Loaded Results" id="19431567-8539-422a-85d7-44ee4e166bda" />
  </TestLists>
  <TestEntries>
    <TestEntry testId="ca4a756b-90f2-c9bf-5048-93eaef14c161" executionId="83546457-86e1-4260-a657-8e5fc73ee7bf" testListId="8c84fa94-04c1-424b-9868-57a2d4851a1d" />
    <TestEntry testId="28e4cfa6-5da4-02f6-a712-bed6d39c2f6c" executionId="0fc8a396-a502-442c-a1f1-52eab3d70c4f" testListId="8c84fa94-04c1-424b-9868-57a2d4851a1d" />
    <TestEntry testId="2621f184-5984-6831-c4c9-bb102475af5f" executionId="cb1981d2-2028-4f79-a43e-8532dc8c223c" testListId="8c84fa94-04c1-424b-9868-57a2d4851a1d" />
    <TestEntry testId="ed260f36-6fd4-c3b1-64ea-e164e1175524" executionId="50e112ee-9841-4486-8315-c2fb85ccc8ba" testListId="8c84fa94-04c1-424b-9868-57a2d4851a1d" />
    <TestEntry testId="1ff06788-63e0-8dad-78c7-82af51b2b214" executionId="fe2f5dad-ae6b-4fc1-a06f-9ae63a763149" testListId="8c84fa94-04c1-424b-9868-57a2d4851a1d" />
    <TestEntry testId="a1d13f7a-7549-a152-0d7a-50622971ca0a" executionId="f7291839-606f-49b9-abe8-61e2462e8236" testListId="8c84fa94-04c1-424b-9868-57a2d4851a1d" />
    <TestEntry testId="3dba0dc0-bdfe-fdf9-149e-5f041638851e" executionId="00da8e9b-71a8-4d96-b475-3c2d13c09080" testListId="8c84fa94-04c1-424b-9868-57a2d4851a1d" />
    <TestEntry testId="d8a3fd6a-d408-47b7-6d70-fddb27cd7919" executionId="f2ce6b23-546b-48d4-846b-6c5c788e5cb2" testListId="8c84fa94-04c1-424b-9868-57a2d4851a1d" />
    <TestEntry testId="50109d55-4f95-49e4-e517-80dd5b2e999e" executionId="1379ef9b-a8d9-46e6-be18-0efe16726fb5" testListId="8c84fa94-04c1-424b-9868-57a2d4851a1d" />
    <TestEntry testId="9d91d151-f33e-5b02-451b-c4ae6abcf7a6" executionId="c3ceeefc-4fc5-4f32-a3d0-6049589f5fe1" testListId="8c84fa94-04c1-424b-9868-57a2d4851a1d" />
    <TestEntry testId="2b178557-33f4-11f3-0859-fb3be54847cc" executionId="f6d0a9ef-ec8f-4455-8689-9a0a89459262" testListId="8c84fa94-04c1-424b-9868-57a2d4851a1d" />
    <TestEntry testId="85f7c12a-3656-1a90-bad4-0191f87a48bd" executionId="c4f105c5-4c1b-4f08-a97b-d97c9a4f1a1b" testListId="8c84fa94-04c1-424b-9868-57a2d4851a1d" />
    <TestEntry testId="3039291a-6a6a-0df2-7e09-a484f4396418" executionId="175909c7-fcab-42b6-ad56-494dd55e24ac" testListId="8c84fa94-04c1-424b-9868-57a2d4851a1d" />
    <TestEntry testId="756fe383-90c7-258e-2c4e-bb9caf9dbfb8" executionId="bad9c76c-67fc-4258-850e-b6067804f9a0" testListId="8c84fa94-04c1-424b-9868-57a2d4851a1d" />
    <TestEntry testId="849e0abc-f102-38aa-b4ea-af6c1b089f88" executionId="5e372f43-7252-4016-929c-7691171ea8b0" testListId="8c84fa94-04c1-424b-9868-57a2d4851a1d" />
    <TestEntry testId="c4742d9d-c173-2c37-7672-3745e1e3bf23" executionId="f0db3d23-a951-43b8-aa0a-4946d2a1132d" testListId="8c84fa94-04c1-424b-9868-57a2d4851a1d" />
    <TestEntry testId="692b5b60-1dff-2f2f-2530-1102cf640d91" executionId="cf534830-47fd-42f7-a56b-cac4cdf0bc77" testListId="8c84fa94-04c1-424b-9868-57a2d4851a1d" />
    <TestEntry testId="fdfe1506-a0c4-3415-28e3-8ea39463adb8" executionId="5dec334c-d4ae-49aa-ace3-821b973c454d" testListId="8c84fa94-04c1-424b-9868-57a2d4851a1d" />
  </TestEntries>
  <Results>
    <UnitTestResult executionId="83546457-86e1-4260-a657-8e5fc73ee7bf" testId="ca4a756b-90f2-c9bf-5048-93eaef14c161" testName="AddParentTask" computerName="DOTNET" duration="00:00:01.4377646" startTime="2018-09-06T17:33:46.0343458+05:30" endTime="2018-09-06T17:33:49.2443422+05:30" testType="13cdc9d9-ddb5-4fa4-a97d-d965ccfc6d4b" outcome="Passed" testListId="8c84fa94-04c1-424b-9868-57a2d4851a1d" relativeResultsDirectory="83546457-86e1-4260-a657-8e5fc73ee7bf">
    </UnitTestResult>
    <UnitTestResult executionId="0fc8a396-a502-442c-a1f1-52eab3d70c4f" testId="28e4cfa6-5da4-02f6-a712-bed6d39c2f6c" testName="GetAllParentTask" computerName="DOTNET" duration="00:00:00.1149161" startTime="2018-09-06T17:33:49.2703427+05:30" endTime="2018-09-06T17:33:49.4013388+05:30" testType="13cdc9d9-ddb5-4fa4-a97d-d965ccfc6d4b" outcome="Passed" testListId="8c84fa94-04c1-424b-9868-57a2d4851a1d" relativeResultsDirectory="0fc8a396-a502-442c-a1f1-52eab3d70c4f">
    </UnitTestResult>
    <UnitTestResult executionId="cb1981d2-2028-4f79-a43e-8532dc8c223c" testId="2621f184-5984-6831-c4c9-bb102475af5f" testName="GetParentTask" computerName="DOTNET" duration="00:00:00.0076603" startTime="2018-09-06T17:33:49.4143394+05:30" endTime="2018-09-06T17:33:49.4303402+05:30" testType="13cdc9d9-ddb5-4fa4-a97d-d965ccfc6d4b" outcome="Passed" testListId="8c84fa94-04c1-424b-9868-57a2d4851a1d" relativeResultsDirectory="cb1981d2-2028-4f79-a43e-8532dc8c223c">
    </UnitTestResult>
    <UnitTestResult executionId="50e112ee-9841-4486-8315-c2fb85ccc8ba" testId="ed260f36-6fd4-c3b1-64ea-e164e1175524" testName="UpdateTask" computerName="DOTNET" duration="00:00:00.0110601" startTime="2018-09-06T17:33:49.4433397+05:30" endTime="2018-09-06T17:33:49.4633409+05:30" testType="13cdc9d9-ddb5-4fa4-a97d-d965ccfc6d4b" outcome="Passed" testListId="8c84fa94-04c1-424b-9868-57a2d4851a1d" relativeResultsDirectory="50e112ee-9841-4486-8315-c2fb85ccc8ba">
    </UnitTestResult>
    <UnitTestResult executionId="fe2f5dad-ae6b-4fc1-a06f-9ae63a763149" testId="1ff06788-63e0-8dad-78c7-82af51b2b214" testName="AddTask" computerName="DOTNET" duration="00:00:00.0856677" startTime="2018-09-06T17:33:49.4833413+05:30" endTime="2018-09-06T17:33:49.5743409+05:30" testType="13cdc9d9-ddb5-4fa4-a97d-d965ccfc6d4b" outcome="Passed" testListId="8c84fa94-04c1-424b-9868-57a2d4851a1d" relativeResultsDirectory="fe2f5dad-ae6b-4fc1-a06f-9ae63a763149">
    </UnitTestResult>
    <UnitTestResult executionId="f7291839-606f-49b9-abe8-61e2462e8236" testId="a1d13f7a-7549-a152-0d7a-50622971ca0a" testName="GetAllProjects" computerName="DOTNET" duration="00:00:00.0084981" startTime="2018-09-06T17:33:49.5863398+05:30" endTime="2018-09-06T17:33:49.6033398+05:30" testType="13cdc9d9-ddb5-4fa4-a97d-d965ccfc6d4b" outcome="Passed" testListId="8c84fa94-04c1-424b-9868-57a2d4851a1d" relativeResultsDirectory="f7291839-606f-49b9-abe8-61e2462e8236">
    </UnitTestResult>
    <UnitTestResult executionId="00da8e9b-71a8-4d96-b475-3c2d13c09080" testId="3dba0dc0-bdfe-fdf9-149e-5f041638851e" testName="GetProject" computerName="DOTNET" duration="00:00:00.0087796" startTime="2018-09-06T17:33:49.6193405+05:30" endTime="2018-09-06T17:33:49.6343387+05:30" testType="13cdc9d9-ddb5-4fa4-a97d-d965ccfc6d4b" outcome="Passed" testListId="8c84fa94-04c1-424b-9868-57a2d4851a1d" relativeResultsDirectory="00da8e9b-71a8-4d96-b475-3c2d13c09080">
    </UnitTestResult>
    <UnitTestResult executionId="f2ce6b23-546b-48d4-846b-6c5c788e5cb2" testId="d8a3fd6a-d408-47b7-6d70-fddb27cd7919" testName="UpdateTask" computerName="DOTNET" duration="00:00:00.0119294" startTime="2018-09-06T17:33:49.6533429+05:30" endTime="2018-09-06T17:33:49.6723402+05:30" testType="13cdc9d9-ddb5-4fa4-a97d-d965ccfc6d4b" outcome="Passed" testListId="8c84fa94-04c1-424b-9868-57a2d4851a1d" relativeResultsDirectory="f2ce6b23-546b-48d4-846b-6c5c788e5cb2">
    </UnitTestResult>
    <UnitTestResult executionId="1379ef9b-a8d9-46e6-be18-0efe16726fb5" testId="50109d55-4f95-49e4-e517-80dd5b2e999e" testName="AddTask" computerName="DOTNET" duration="00:00:00.0234891" startTime="2018-09-06T17:33:49.6873412+05:30" endTime="2018-09-06T17:33:49.7183419+05:30" testType="13cdc9d9-ddb5-4fa4-a97d-d965ccfc6d4b" outcome="Passed" testListId="8c84fa94-04c1-424b-9868-57a2d4851a1d" relativeResultsDirectory="1379ef9b-a8d9-46e6-be18-0efe16726fb5">
    </UnitTestResult>
    <UnitTestResult executionId="c3ceeefc-4fc5-4f32-a3d0-6049589f5fe1" testId="9d91d151-f33e-5b02-451b-c4ae6abcf7a6" testName="DeassignProject" computerName="DOTNET" duration="00:00:00.0081069" startTime="2018-09-06T17:33:49.7393402+05:30" endTime="2018-09-06T17:33:49.7773391+05:30" testType="13cdc9d9-ddb5-4fa4-a97d-d965ccfc6d4b" outcome="Passed" testListId="8c84fa94-04c1-424b-9868-57a2d4851a1d" relativeResultsDirectory="c3ceeefc-4fc5-4f32-a3d0-6049589f5fe1">
    </UnitTestResult>
    <UnitTestResult executionId="f6d0a9ef-ec8f-4455-8689-9a0a89459262" testId="2b178557-33f4-11f3-0859-fb3be54847cc" testName="GetAllTasks" computerName="DOTNET" duration="00:00:00.0073615" startTime="2018-09-06T17:33:49.7923406+05:30" endTime="2018-09-06T17:33:49.8083401+05:30" testType="13cdc9d9-ddb5-4fa4-a97d-d965ccfc6d4b" outcome="Passed" testListId="8c84fa94-04c1-424b-9868-57a2d4851a1d" relativeResultsDirectory="f6d0a9ef-ec8f-4455-8689-9a0a89459262">
    </UnitTestResult>
    <UnitTestResult executionId="c4f105c5-4c1b-4f08-a97b-d97c9a4f1a1b" testId="85f7c12a-3656-1a90-bad4-0191f87a48bd" testName="GetTask" computerName="DOTNET" duration="00:00:00.0069963" startTime="2018-09-06T17:33:49.8223388+05:30" endTime="2018-09-06T17:33:49.8353383+05:30" testType="13cdc9d9-ddb5-4fa4-a97d-d965ccfc6d4b" outcome="Passed" testListId="8c84fa94-04c1-424b-9868-57a2d4851a1d" relativeResultsDirectory="c4f105c5-4c1b-4f08-a97b-d97c9a4f1a1b">
    </UnitTestResult>
    <UnitTestResult executionId="175909c7-fcab-42b6-ad56-494dd55e24ac" testId="3039291a-6a6a-0df2-7e09-a484f4396418" testName="UpdateTask" computerName="DOTNET" duration="00:00:00.0052332" startTime="2018-09-06T17:33:49.8513385+05:30" endTime="2018-09-06T17:33:49.8643396+05:30" testType="13cdc9d9-ddb5-4fa4-a97d-d965ccfc6d4b" outcome="Passed" testListId="8c84fa94-04c1-424b-9868-57a2d4851a1d" relativeResultsDirectory="175909c7-fcab-42b6-ad56-494dd55e24ac">
    </UnitTestResult>
    <UnitTestResult executionId="bad9c76c-67fc-4258-850e-b6067804f9a0" testId="756fe383-90c7-258e-2c4e-bb9caf9dbfb8" testName="AddUser" computerName="DOTNET" duration="00:00:00.0085123" startTime="2018-09-06T17:33:49.8763396+05:30" endTime="2018-09-06T17:33:49.8963410+05:30" testType="13cdc9d9-ddb5-4fa4-a97d-d965ccfc6d4b" outcome="Passed" testListId="8c84fa94-04c1-424b-9868-57a2d4851a1d" relativeResultsDirectory="bad9c76c-67fc-4258-850e-b6067804f9a0">
    </UnitTestResult>
    <UnitTestResult executionId="5e372f43-7252-4016-929c-7691171ea8b0" testId="849e0abc-f102-38aa-b4ea-af6c1b089f88" testName="DeleteUser" computerName="DOTNET" duration="00:00:00.0029075" startTime="2018-09-06T17:33:49.9093396+05:30" endTime="2018-09-06T17:33:49.9203374+05:30" testType="13cdc9d9-ddb5-4fa4-a97d-d965ccfc6d4b" outcome="Passed" testListId="8c84fa94-04c1-424b-9868-57a2d4851a1d" relativeResultsDirectory="5e372f43-7252-4016-929c-7691171ea8b0">
    </UnitTestResult>
    <UnitTestResult executionId="f0db3d23-a951-43b8-aa0a-4946d2a1132d" testId="c4742d9d-c173-2c37-7672-3745e1e3bf23" testName="GetAllUsers" computerName="DOTNET" duration="00:00:00.0096855" startTime="2018-09-06T17:33:49.9333387+05:30" endTime="2018-09-06T17:33:49.9503386+05:30" testType="13cdc9d9-ddb5-4fa4-a97d-d965ccfc6d4b" outcome="Passed" testListId="8c84fa94-04c1-424b-9868-57a2d4851a1d" relativeResultsDirectory="f0db3d23-a951-43b8-aa0a-4946d2a1132d">
    </UnitTestResult>
    <UnitTestResult executionId="cf534830-47fd-42f7-a56b-cac4cdf0bc77" testId="692b5b60-1dff-2f2f-2530-1102cf640d91" testName="GetUser" computerName="DOTNET" duration="00:00:00.0057051" startTime="2018-09-06T17:33:49.9633394+05:30" endTime="2018-09-06T17:33:49.9753423+05:30" testType="13cdc9d9-ddb5-4fa4-a97d-d965ccfc6d4b" outcome="Passed" testListId="8c84fa94-04c1-424b-9868-57a2d4851a1d" relativeResultsDirectory="cf534830-47fd-42f7-a56b-cac4cdf0bc77">
    </UnitTestResult>
    <UnitTestResult executionId="5dec334c-d4ae-49aa-ace3-821b973c454d" testId="fdfe1506-a0c4-3415-28e3-8ea39463adb8" testName="UpdateUser" computerName="DOTNET" duration="00:00:00.0061825" startTime="2018-09-06T17:33:50.0093394+05:30" endTime="2018-09-06T17:33:50.0213416+05:30" testType="13cdc9d9-ddb5-4fa4-a97d-d965ccfc6d4b" outcome="Passed" testListId="8c84fa94-04c1-424b-9868-57a2d4851a1d" relativeResultsDirectory="5dec334c-d4ae-49aa-ace3-821b973c454d">
    </UnitTestResult>
  </Results>
</TestRun>