<?xml version="1.0" encoding="UTF-8"?>
<TestRun id="ac26d890-8a71-4afd-8a29-e6db924476c8" name="Admin@DOTNET 2018-09-06 17:32:10" runUser="DOTNET\Admin" xmlns="http://microsoft.com/schemas/VisualStudio/TeamTest/2010">
  <TestSettings name="Default Test Settings" id="af603bb7-d782-480e-8144-de1ea2405d2e">
    <Execution>
      <TestTypeSpecific />
      <AgentRule name="Execution Agents">
      </AgentRule>
    </Execution>
    <Deployment runDeploymentRoot="Admin_DOTNET 2018-09-06 17_32_10" />
    <Properties />
  </TestSettings>
  <Times creation="2018-09-06T17:32:10.4082582+05:30" queuing="2018-09-06T17:32:15.2933631+05:30" start="2018-09-06T17:32:15.7573600+05:30" finish="2018-09-06T17:32:19.1953588+05:30" />
  <ResultSummary outcome="Completed">
    <Counters total="18" executed="18" passed="18" error="0" failed="0" timeout="0" aborted="0" inconclusive="0" passedButRunAborted="0" notRunnable="0" notExecuted="0" disconnected="0" warning="0" completed="0" inProgress="0" pending="0" />
  </ResultSummary>
  <TestDefinitions>
    <UnitTest name="AddTask" storage="projectmanagerportal.tests.dll" id="50109d55-4f95-49e4-e517-80dd5b2e999e">
      <Execution id="94deba54-3df9-47e6-9065-8e4d60259ce5" />
      <TestMethod codeBase="C:/Users/Admin/Documents/Visual Studio 2017/Projects/ProjectManagerPortal/ProjectManagerPortal.Tests/bin/Debug/ProjectManagerPortal.Tests.dll" adapterTypeName="Microsoft.VisualStudio.TestTools.TestTypes.Unit.UnitTestAdapter, Microsoft.VisualStudio.QualityTools.Tips.UnitTest.Adapter, Version=15.0.0.0, Culture=neutral, PublicKeyToken=b03f5f7f11d50a3a" className="ProjectManagerPortal.Tests.TaskControllerTest, ProjectManagerPortal.Tests, Version=1.0.0.0, Culture=neutral, PublicKeyToken=null" name="AddTask" />
    </UnitTest>
    <UnitTest name="GetAllParentTask" storage="projectmanagerportal.tests.dll" id="28e4cfa6-5da4-02f6-a712-bed6d39c2f6c">
      <Execution id="3d22a93d-6a4c-4b1b-b34b-3256df2bb34e" />
      <TestMethod codeBase="C:/Users/Admin/Documents/Visual Studio 2017/Projects/ProjectManagerPortal/ProjectManagerPortal.Tests/bin/Debug/ProjectManagerPortal.Tests.dll" adapterTypeName="Microsoft.VisualStudio.TestTools.TestTypes.Unit.UnitTestAdapter, Microsoft.VisualStudio.QualityTools.Tips.UnitTest.Adapter, Version=15.0.0.0, Culture=neutral, PublicKeyToken=b03f5f7f11d50a3a" className="ProjectManagerPortal.Tests.ParentTaskControllerTest, ProjectManagerPortal.Tests, Version=1.0.0.0, Culture=neutral, PublicKeyToken=null" name="GetAllParentTask" />
    </UnitTest>
    <UnitTest name="GetProject" storage="projectmanagerportal.tests.dll" id="3dba0dc0-bdfe-fdf9-149e-5f041638851e">
      <Execution id="b2bb7430-ff3e-491a-b4d9-65f05b6845f6" />
      <TestMethod codeBase="C:/Users/Admin/Documents/Visual Studio 2017/Projects/ProjectManagerPortal/ProjectManagerPortal.Tests/bin/Debug/ProjectManagerPortal.Tests.dll" adapterTypeName="Microsoft.VisualStudio.TestTools.TestTypes.Unit.UnitTestAdapter, Microsoft.VisualStudio.QualityTools.Tips.UnitTest.Adapter, Version=15.0.0.0, Culture=neutral, PublicKeyToken=b03f5f7f11d50a3a" className="ProjectManagerPortal.Tests.ProjectControllerTest, ProjectManagerPortal.Tests, Version=1.0.0.0, Culture=neutral, PublicKeyToken=null" name="GetProject" />
    </UnitTest>
    <UnitTest name="GetAllTasks" storage="projectmanagerportal.tests.dll" id="2b178557-33f4-11f3-0859-fb3be54847cc">
      <Execution id="5c70671c-b1f8-4d70-81c1-893e5b5ae387" />
      <TestMethod codeBase="C:/Users/Admin/Documents/Visual Studio 2017/Projects/ProjectManagerPortal/ProjectManagerPortal.Tests/bin/Debug/ProjectManagerPortal.Tests.dll" adapterTypeName="Microsoft.VisualStudio.TestTools.TestTypes.Unit.UnitTestAdapter, Microsoft.VisualStudio.QualityTools.Tips.UnitTest.Adapter, Version=15.0.0.0, Culture=neutral, PublicKeyToken=b03f5f7f11d50a3a" className="ProjectManagerPortal.Tests.TaskControllerTest, ProjectManagerPortal.Tests, Version=1.0.0.0, Culture=neutral, PublicKeyToken=null" name="GetAllTasks" />
    </UnitTest>
    <UnitTest name="UpdateUser" storage="projectmanagerportal.tests.dll" id="fdfe1506-a0c4-3415-28e3-8ea39463adb8">
      <Execution id="e4271fb0-f39e-4c87-97b9-964c27abe06c" />
      <TestMethod codeBase="C:/Users/Admin/Documents/Visual Studio 2017/Projects/ProjectManagerPortal/ProjectManagerPortal.Tests/bin/Debug/ProjectManagerPortal.Tests.dll" adapterTypeName="Microsoft.VisualStudio.TestTools.TestTypes.Unit.UnitTestAdapter, Microsoft.VisualStudio.QualityTools.Tips.UnitTest.Adapter, Version=15.0.0.0, Culture=neutral, PublicKeyToken=b03f5f7f11d50a3a" className="ProjectManagerPortal.Tests.UserControllerTest, ProjectManagerPortal.Tests, Version=1.0.0.0, Culture=neutral, PublicKeyToken=null" name="UpdateUser" />
    </UnitTest>
    <UnitTest name="DeleteUser" storage="projectmanagerportal.tests.dll" id="849e0abc-f102-38aa-b4ea-af6c1b089f88">
      <Execution id="40374f6c-d6cf-48ba-9954-2e60f4ccfe8d" />
      <TestMethod codeBase="C:/Users/Admin/Documents/Visual Studio 2017/Projects/ProjectManagerPortal/ProjectManagerPortal.Tests/bin/Debug/ProjectManagerPortal.Tests.dll" adapterTypeName="Microsoft.VisualStudio.TestTools.TestTypes.Unit.UnitTestAdapter, Microsoft.VisualStudio.QualityTools.Tips.UnitTest.Adapter, Version=15.0.0.0, Culture=neutral, PublicKeyToken=b03f5f7f11d50a3a" className="ProjectManagerPortal.Tests.UserControllerTest, ProjectManagerPortal.Tests, Version=1.0.0.0, Culture=neutral, PublicKeyToken=null" name="DeleteUser" />
    </UnitTest>
    <UnitTest name="DeassignProject" storage="projectmanagerportal.tests.dll" id="9d91d151-f33e-5b02-451b-c4ae6abcf7a6">
      <Execution id="a29810ce-129a-408b-b3d8-7c8cfb0568c7" />
      <TestMethod codeBase="C:/Users/Admin/Documents/Visual Studio 2017/Projects/ProjectManagerPortal/ProjectManagerPortal.Tests/bin/Debug/ProjectManagerPortal.Tests.dll" adapterTypeName="Microsoft.VisualStudio.TestTools.TestTypes.Unit.UnitTestAdapter, Microsoft.VisualStudio.QualityTools.Tips.UnitTest.Adapter, Version=15.0.0.0, Culture=neutral, PublicKeyToken=b03f5f7f11d50a3a" className="ProjectManagerPortal.Tests.TaskControllerTest, ProjectManagerPortal.Tests, Version=1.0.0.0, Culture=neutral, PublicKeyToken=null" name="DeassignProject" />
    </UnitTest>
    <UnitTest name="UpdateTask" storage="projectmanagerportal.tests.dll" id="ed260f36-6fd4-c3b1-64ea-e164e1175524">
      <Execution id="53730dfb-202d-4735-8315-185882dabc52" />
      <TestMethod codeBase="C:/Users/Admin/Documents/Visual Studio 2017/Projects/ProjectManagerPortal/ProjectManagerPortal.Tests/bin/Debug/ProjectManagerPortal.Tests.dll" adapterTypeName="Microsoft.VisualStudio.TestTools.TestTypes.Unit.UnitTestAdapter, Microsoft.VisualStudio.QualityTools.Tips.UnitTest.Adapter, Version=15.0.0.0, Culture=neutral, PublicKeyToken=b03f5f7f11d50a3a" className="ProjectManagerPortal.Tests.ParentTaskControllerTest, ProjectManagerPortal.Tests, Version=1.0.0.0, Culture=neutral, PublicKeyToken=null" name="UpdateTask" />
    </UnitTest>
    <UnitTest name="GetUser" storage="projectmanagerportal.tests.dll" id="692b5b60-1dff-2f2f-2530-1102cf640d91">
      <Execution id="2233d08d-3ff5-4be2-bff5-8c441d7581ac" />
      <TestMethod codeBase="C:/Users/Admin/Documents/Visual Studio 2017/Projects/ProjectManagerPortal/ProjectManagerPortal.Tests/bin/Debug/ProjectManagerPortal.Tests.dll" adapterTypeName="Microsoft.VisualStudio.TestTools.TestTypes.Unit.UnitTestAdapter, Microsoft.VisualStudio.QualityTools.Tips.UnitTest.Adapter, Version=15.0.0.0, Culture=neutral, PublicKeyToken=b03f5f7f11d50a3a" className="ProjectManagerPortal.Tests.UserControllerTest, ProjectManagerPortal.Tests, Version=1.0.0.0, Culture=neutral, PublicKeyToken=null" name="GetUser" />
    </UnitTest>
    <UnitTest name="GetParentTask" storage="projectmanagerportal.tests.dll" id="2621f184-5984-6831-c4c9-bb102475af5f">
      <Execution id="d7ec5c0d-a15e-4a52-95c1-4d3ee3c55747" />
      <TestMethod codeBase="C:/Users/Admin/Documents/Visual Studio 2017/Projects/ProjectManagerPortal/ProjectManagerPortal.Tests/bin/Debug/ProjectManagerPortal.Tests.dll" adapterTypeName="Microsoft.VisualStudio.TestTools.TestTypes.Unit.UnitTestAdapter, Microsoft.VisualStudio.QualityTools.Tips.UnitTest.Adapter, Version=15.0.0.0, Culture=neutral, PublicKeyToken=b03f5f7f11d50a3a" className="ProjectManagerPortal.Tests.ParentTaskControllerTest, ProjectManagerPortal.Tests, Version=1.0.0.0, Culture=neutral, PublicKeyToken=null" name="GetParentTask" />
    </UnitTest>
    <UnitTest name="AddUser" storage="projectmanagerportal.tests.dll" id="756fe383-90c7-258e-2c4e-bb9caf9dbfb8">
      <Execution id="54a411c0-d7e6-4fe9-a830-17cc77260e7e" />
      <TestMethod codeBase="C:/Users/Admin/Documents/Visual Studio 2017/Projects/ProjectManagerPortal/ProjectManagerPortal.Tests/bin/Debug/ProjectManagerPortal.Tests.dll" adapterTypeName="Microsoft.VisualStudio.TestTools.TestTypes.Unit.UnitTestAdapter, Microsoft.VisualStudio.QualityTools.Tips.UnitTest.Adapter, Version=15.0.0.0, Culture=neutral, PublicKeyToken=b03f5f7f11d50a3a" className="ProjectManagerPortal.Tests.UserControllerTest, ProjectManagerPortal.Tests, Version=1.0.0.0, Culture=neutral, PublicKeyToken=null" name="AddUser" />
    </UnitTest>
    <UnitTest name="UpdateTask" storage="projectmanagerportal.tests.dll" id="d8a3fd6a-d408-47b7-6d70-fddb27cd7919">
      <Execution id="317cac07-5486-48ab-ad36-9fcd917e26a0" />
      <TestMethod codeBase="C:/Users/Admin/Documents/Visual Studio 2017/Projects/ProjectManagerPortal/ProjectManagerPortal.Tests/bin/Debug/ProjectManagerPortal.Tests.dll" adapterTypeName="Microsoft.VisualStudio.TestTools.TestTypes.Unit.UnitTestAdapter, Microsoft.VisualStudio.QualityTools.Tips.UnitTest.Adapter, Version=15.0.0.0, Culture=neutral, PublicKeyToken=b03f5f7f11d50a3a" className="ProjectManagerPortal.Tests.ProjectControllerTest, ProjectManagerPortal.Tests, Version=1.0.0.0, Culture=neutral, PublicKeyToken=null" name="UpdateTask" />
    </UnitTest>
    <UnitTest name="GetAllUsers" storage="projectmanagerportal.tests.dll" id="c4742d9d-c173-2c37-7672-3745e1e3bf23">
      <Execution id="8f68c953-5399-4f41-8648-0fec27756aea" />
      <TestMethod codeBase="C:/Users/Admin/Documents/Visual Studio 2017/Projects/ProjectManagerPortal/ProjectManagerPortal.Tests/bin/Debug/ProjectManagerPortal.Tests.dll" adapterTypeName="Microsoft.VisualStudio.TestTools.TestTypes.Unit.UnitTestAdapter, Microsoft.VisualStudio.QualityTools.Tips.UnitTest.Adapter, Version=15.0.0.0, Culture=neutral, PublicKeyToken=b03f5f7f11d50a3a" className="ProjectManagerPortal.Tests.UserControllerTest, ProjectManagerPortal.Tests, Version=1.0.0.0, Culture=neutral, PublicKeyToken=null" name="GetAllUsers" />
    </UnitTest>
    <UnitTest name="AddTask" storage="projectmanagerportal.tests.dll" id="1ff06788-63e0-8dad-78c7-82af51b2b214">
      <Execution id="598dfd68-f9df-4f92-bf81-d10720ae0816" />
      <TestMethod codeBase="C:/Users/Admin/Documents/Visual Studio 2017/Projects/ProjectManagerPortal/ProjectManagerPortal.Tests/bin/Debug/ProjectManagerPortal.Tests.dll" adapterTypeName="Microsoft.VisualStudio.TestTools.TestTypes.Unit.UnitTestAdapter, Microsoft.VisualStudio.QualityTools.Tips.UnitTest.Adapter, Version=15.0.0.0, Culture=neutral, PublicKeyToken=b03f5f7f11d50a3a" className="ProjectManagerPortal.Tests.ProjectControllerTest, ProjectManagerPortal.Tests, Version=1.0.0.0, Culture=neutral, PublicKeyToken=null" name="AddTask" />
    </UnitTest>
    <UnitTest name="UpdateTask" storage="projectmanagerportal.tests.dll" id="3039291a-6a6a-0df2-7e09-a484f4396418">
      <Execution id="02921863-093e-4a2a-b5a7-26f899984fda" />
      <TestMethod codeBase="C:/Users/Admin/Documents/Visual Studio 2017/Projects/ProjectManagerPortal/ProjectManagerPortal.Tests/bin/Debug/ProjectManagerPortal.Tests.dll" adapterTypeName="Microsoft.VisualStudio.TestTools.TestTypes.Unit.UnitTestAdapter, Microsoft.VisualStudio.QualityTools.Tips.UnitTest.Adapter, Version=15.0.0.0, Culture=neutral, PublicKeyToken=b03f5f7f11d50a3a" className="ProjectManagerPortal.Tests.TaskControllerTest, ProjectManagerPortal.Tests, Version=1.0.0.0, Culture=neutral, PublicKeyToken=null" name="UpdateTask" />
    </UnitTest>
    <UnitTest name="GetAllProjects" storage="projectmanagerportal.tests.dll" id="a1d13f7a-7549-a152-0d7a-50622971ca0a">
      <Execution id="9da557e7-4542-4ca1-8565-a76d8ad34b2e" />
      <TestMethod codeBase="C:/Users/Admin/Documents/Visual Studio 2017/Projects/ProjectManagerPortal/ProjectManagerPortal.Tests/bin/Debug/ProjectManagerPortal.Tests.dll" adapterTypeName="Microsoft.VisualStudio.TestTools.TestTypes.Unit.UnitTestAdapter, Microsoft.VisualStudio.QualityTools.Tips.UnitTest.Adapter, Version=15.0.0.0, Culture=neutral, PublicKeyToken=b03f5f7f11d50a3a" className="ProjectManagerPortal.Tests.ProjectControllerTest, ProjectManagerPortal.Tests, Version=1.0.0.0, Culture=neutral, PublicKeyToken=null" name="GetAllProjects" />
    </UnitTest>
    <UnitTest name="AddParentTask" storage="projectmanagerportal.tests.dll" id="ca4a756b-90f2-c9bf-5048-93eaef14c161">
      <Execution id="752a844b-7cb5-49dd-8171-6e9f33f8af44" />
      <TestMethod codeBase="C:/Users/Admin/Documents/Visual Studio 2017/Projects/ProjectManagerPortal/ProjectManagerPortal.Tests/bin/Debug/ProjectManagerPortal.Tests.dll" adapterTypeName="Microsoft.VisualStudio.TestTools.TestTypes.Unit.UnitTestAdapter, Microsoft.VisualStudio.QualityTools.Tips.UnitTest.Adapter, Version=15.0.0.0, Culture=neutral, PublicKeyToken=b03f5f7f11d50a3a" className="ProjectManagerPortal.Tests.ParentTaskControllerTest, ProjectManagerPortal.Tests, Version=1.0.0.0, Culture=neutral, PublicKeyToken=null" name="AddParentTask" />
    </UnitTest>
    <UnitTest name="GetTask" storage="projectmanagerportal.tests.dll" id="85f7c12a-3656-1a90-bad4-0191f87a48bd">
      <Execution id="c6dbdbb0-30c6-4694-9cb0-ad7542d67f82" />
      <TestMethod codeBase="C:/Users/Admin/Documents/Visual Studio 2017/Projects/ProjectManagerPortal/ProjectManagerPortal.Tests/bin/Debug/ProjectManagerPortal.Tests.dll" adapterTypeName="Microsoft.VisualStudio.TestTools.TestTypes.Unit.UnitTestAdapter, Microsoft.VisualStudio.QualityTools.Tips.UnitTest.Adapter, Version=15.0.0.0, Culture=neutral, PublicKeyToken=b03f5f7f11d50a3a" className="ProjectManagerPortal.Tests.TaskControllerTest, ProjectManagerPortal.Tests, Version=1.0.0.0, Culture=neutral, PublicKeyToken=null" name="GetTask" />
    </UnitTest>
  </TestDefinitions>
  <TestLists>
    <TestList name="Results Not in a List" id="8c84fa94-04c1-424b-9868-57a2d4851a1d" />
    <TestList name="All Loaded Results" id="19431567-8539-422a-85d7-44ee4e166bda" />
  </TestLists>
  <TestEntries>
    <TestEntry testId="ca4a756b-90f2-c9bf-5048-93eaef14c161" executionId="752a844b-7cb5-49dd-8171-6e9f33f8af44" testListId="8c84fa94-04c1-424b-9868-57a2d4851a1d" />
    <TestEntry testId="28e4cfa6-5da4-02f6-a712-bed6d39c2f6c" executionId="3d22a93d-6a4c-4b1b-b34b-3256df2bb34e" testListId="8c84fa94-04c1-424b-9868-57a2d4851a1d" />
    <TestEntry testId="2621f184-5984-6831-c4c9-bb102475af5f" executionId="d7ec5c0d-a15e-4a52-95c1-4d3ee3c55747" testListId="8c84fa94-04c1-424b-9868-57a2d4851a1d" />
    <TestEntry testId="ed260f36-6fd4-c3b1-64ea-e164e1175524" executionId="53730dfb-202d-4735-8315-185882dabc52" testListId="8c84fa94-04c1-424b-9868-57a2d4851a1d" />
    <TestEntry testId="1ff06788-63e0-8dad-78c7-82af51b2b214" executionId="598dfd68-f9df-4f92-bf81-d10720ae0816" testListId="8c84fa94-04c1-424b-9868-57a2d4851a1d" />
    <TestEntry testId="a1d13f7a-7549-a152-0d7a-50622971ca0a" executionId="9da557e7-4542-4ca1-8565-a76d8ad34b2e" testListId="8c84fa94-04c1-424b-9868-57a2d4851a1d" />
    <TestEntry testId="3dba0dc0-bdfe-fdf9-149e-5f041638851e" executionId="b2bb7430-ff3e-491a-b4d9-65f05b6845f6" testListId="8c84fa94-04c1-424b-9868-57a2d4851a1d" />
    <TestEntry testId="d8a3fd6a-d408-47b7-6d70-fddb27cd7919" executionId="317cac07-5486-48ab-ad36-9fcd917e26a0" testListId="8c84fa94-04c1-424b-9868-57a2d4851a1d" />
    <TestEntry testId="50109d55-4f95-49e4-e517-80dd5b2e999e" executionId="94deba54-3df9-47e6-9065-8e4d60259ce5" testListId="8c84fa94-04c1-424b-9868-57a2d4851a1d" />
    <TestEntry testId="9d91d151-f33e-5b02-451b-c4ae6abcf7a6" executionId="a29810ce-129a-408b-b3d8-7c8cfb0568c7" testListId="8c84fa94-04c1-424b-9868-57a2d4851a1d" />
    <TestEntry testId="2b178557-33f4-11f3-0859-fb3be54847cc" executionId="5c70671c-b1f8-4d70-81c1-893e5b5ae387" testListId="8c84fa94-04c1-424b-9868-57a2d4851a1d" />
    <TestEntry testId="85f7c12a-3656-1a90-bad4-0191f87a48bd" executionId="c6dbdbb0-30c6-4694-9cb0-ad7542d67f82" testListId="8c84fa94-04c1-424b-9868-57a2d4851a1d" />
    <TestEntry testId="3039291a-6a6a-0df2-7e09-a484f4396418" executionId="02921863-093e-4a2a-b5a7-26f899984fda" testListId="8c84fa94-04c1-424b-9868-57a2d4851a1d" />
    <TestEntry testId="756fe383-90c7-258e-2c4e-bb9caf9dbfb8" executionId="54a411c0-d7e6-4fe9-a830-17cc77260e7e" testListId="8c84fa94-04c1-424b-9868-57a2d4851a1d" />
    <TestEntry testId="849e0abc-f102-38aa-b4ea-af6c1b089f88" executionId="40374f6c-d6cf-48ba-9954-2e60f4ccfe8d" testListId="8c84fa94-04c1-424b-9868-57a2d4851a1d" />
    <TestEntry testId="c4742d9d-c173-2c37-7672-3745e1e3bf23" executionId="8f68c953-5399-4f41-8648-0fec27756aea" testListId="8c84fa94-04c1-424b-9868-57a2d4851a1d" />
    <TestEntry testId="692b5b60-1dff-2f2f-2530-1102cf640d91" executionId="2233d08d-3ff5-4be2-bff5-8c441d7581ac" testListId="8c84fa94-04c1-424b-9868-57a2d4851a1d" />
    <TestEntry testId="fdfe1506-a0c4-3415-28e3-8ea39463adb8" executionId="e4271fb0-f39e-4c87-97b9-964c27abe06c" testListId="8c84fa94-04c1-424b-9868-57a2d4851a1d" />
  </TestEntries>
  <Results>
    <UnitTestResult executionId="752a844b-7cb5-49dd-8171-6e9f33f8af44" testId="ca4a756b-90f2-c9bf-5048-93eaef14c161" testName="AddParentTask" computerName="DOTNET" duration="00:00:01.0816133" startTime="2018-09-06T17:32:16.0113570+05:30" endTime="2018-09-06T17:32:18.5273593+05:30" testType="13cdc9d9-ddb5-4fa4-a97d-d965ccfc6d4b" outcome="Passed" testListId="8c84fa94-04c1-424b-9868-57a2d4851a1d" relativeResultsDirectory="752a844b-7cb5-49dd-8171-6e9f33f8af44">
    </UnitTestResult>
    <UnitTestResult executionId="3d22a93d-6a4c-4b1b-b34b-3256df2bb34e" testId="28e4cfa6-5da4-02f6-a712-bed6d39c2f6c" testName="GetAllParentTask" computerName="DOTNET" duration="00:00:00.0753480" startTime="2018-09-06T17:32:18.5393594+05:30" endTime="2018-09-06T17:32:18.6203574+05:30" testType="13cdc9d9-ddb5-4fa4-a97d-d965ccfc6d4b" outcome="Passed" testListId="8c84fa94-04c1-424b-9868-57a2d4851a1d" relativeResultsDirectory="3d22a93d-6a4c-4b1b-b34b-3256df2bb34e">
    </UnitTestResult>
    <UnitTestResult executionId="d7ec5c0d-a15e-4a52-95c1-4d3ee3c55747" testId="2621f184-5984-6831-c4c9-bb102475af5f" testName="GetParentTask" computerName="DOTNET" duration="00:00:00.0041115" startTime="2018-09-06T17:32:18.6353577+05:30" endTime="2018-09-06T17:32:18.6453599+05:30" testType="13cdc9d9-ddb5-4fa4-a97d-d965ccfc6d4b" outcome="Passed" testListId="8c84fa94-04c1-424b-9868-57a2d4851a1d" relativeResultsDirectory="d7ec5c0d-a15e-4a52-95c1-4d3ee3c55747">
    </UnitTestResult>
    <UnitTestResult executionId="53730dfb-202d-4735-8315-185882dabc52" testId="ed260f36-6fd4-c3b1-64ea-e164e1175524" testName="UpdateTask" computerName="DOTNET" duration="00:00:00.0102132" startTime="2018-09-06T17:32:18.6573577+05:30" endTime="2018-09-06T17:32:18.6733593+05:30" testType="13cdc9d9-ddb5-4fa4-a97d-d965ccfc6d4b" outcome="Passed" testListId="8c84fa94-04c1-424b-9868-57a2d4851a1d" relativeResultsDirectory="53730dfb-202d-4735-8315-185882dabc52">
    </UnitTestResult>
    <UnitTestResult executionId="598dfd68-f9df-4f92-bf81-d10720ae0816" testId="1ff06788-63e0-8dad-78c7-82af51b2b214" testName="AddTask" computerName="DOTNET" duration="00:00:00.0547666" startTime="2018-09-06T17:32:18.6833599+05:30" endTime="2018-09-06T17:32:18.7453584+05:30" testType="13cdc9d9-ddb5-4fa4-a97d-d965ccfc6d4b" outcome="Passed" testListId="8c84fa94-04c1-424b-9868-57a2d4851a1d" relativeResultsDirectory="598dfd68-f9df-4f92-bf81-d10720ae0816">
    </UnitTestResult>
    <UnitTestResult executionId="9da557e7-4542-4ca1-8565-a76d8ad34b2e" testId="a1d13f7a-7549-a152-0d7a-50622971ca0a" testName="GetAllProjects" computerName="DOTNET" duration="00:00:00.0080684" startTime="2018-09-06T17:32:18.7553592+05:30" endTime="2018-09-06T17:32:18.7703603+05:30" testType="13cdc9d9-ddb5-4fa4-a97d-d965ccfc6d4b" outcome="Passed" testListId="8c84fa94-04c1-424b-9868-57a2d4851a1d" relativeResultsDirectory="9da557e7-4542-4ca1-8565-a76d8ad34b2e">
    </UnitTestResult>
    <UnitTestResult executionId="b2bb7430-ff3e-491a-b4d9-65f05b6845f6" testId="3dba0dc0-bdfe-fdf9-149e-5f041638851e" testName="GetProject" computerName="DOTNET" duration="00:00:00.0053600" startTime="2018-09-06T17:32:18.7843598+05:30" endTime="2018-09-06T17:32:18.7953571+05:30" testType="13cdc9d9-ddb5-4fa4-a97d-d965ccfc6d4b" outcome="Passed" testListId="8c84fa94-04c1-424b-9868-57a2d4851a1d" relativeResultsDirectory="b2bb7430-ff3e-491a-b4d9-65f05b6845f6">
    </UnitTestResult>
    <UnitTestResult executionId="317cac07-5486-48ab-ad36-9fcd917e26a0" testId="d8a3fd6a-d408-47b7-6d70-fddb27cd7919" testName="UpdateTask" computerName="DOTNET" duration="00:00:00.0076897" startTime="2018-09-06T17:32:18.8073578+05:30" endTime="2018-09-06T17:32:18.8193596+05:30" testType="13cdc9d9-ddb5-4fa4-a97d-d965ccfc6d4b" outcome="Passed" testListId="8c84fa94-04c1-424b-9868-57a2d4851a1d" relativeResultsDirectory="317cac07-5486-48ab-ad36-9fcd917e26a0">
    </UnitTestResult>
    <UnitTestResult executionId="94deba54-3df9-47e6-9065-8e4d60259ce5" testId="50109d55-4f95-49e4-e517-80dd5b2e999e" testName="AddTask" computerName="DOTNET" duration="00:00:00.0094875" startTime="2018-09-06T17:32:18.8303593+05:30" endTime="2018-09-06T17:32:18.8463598+05:30" testType="13cdc9d9-ddb5-4fa4-a97d-d965ccfc6d4b" outcome="Passed" testListId="8c84fa94-04c1-424b-9868-57a2d4851a1d" relativeResultsDirectory="94deba54-3df9-47e6-9065-8e4d60259ce5">
    </UnitTestResult>
    <UnitTestResult executionId="a29810ce-129a-408b-b3d8-7c8cfb0568c7" testId="9d91d151-f33e-5b02-451b-c4ae6abcf7a6" testName="DeassignProject" computerName="DOTNET" duration="00:00:00.0061594" startTime="2018-09-06T17:32:18.8573574+05:30" endTime="2018-09-06T17:32:18.8673579+05:30" testType="13cdc9d9-ddb5-4fa4-a97d-d965ccfc6d4b" outcome="Passed" testListId="8c84fa94-04c1-424b-9868-57a2d4851a1d" relativeResultsDirectory="a29810ce-129a-408b-b3d8-7c8cfb0568c7">
    </UnitTestResult>
    <UnitTestResult executionId="5c70671c-b1f8-4d70-81c1-893e5b5ae387" testId="2b178557-33f4-11f3-0859-fb3be54847cc" testName="GetAllTasks" computerName="DOTNET" duration="00:00:00.0062267" startTime="2018-09-06T17:32:18.8803574+05:30" endTime="2018-09-06T17:32:18.8933598+05:30" testType="13cdc9d9-ddb5-4fa4-a97d-d965ccfc6d4b" outcome="Passed" testListId="8c84fa94-04c1-424b-9868-57a2d4851a1d" relativeResultsDirectory="5c70671c-b1f8-4d70-81c1-893e5b5ae387">
    </UnitTestResult>
    <UnitTestResult executionId="c6dbdbb0-30c6-4694-9cb0-ad7542d67f82" testId="85f7c12a-3656-1a90-bad4-0191f87a48bd" testName="GetTask" computerName="DOTNET" duration="00:00:00.0062683" startTime="2018-09-06T17:32:18.9023658+05:30" endTime="2018-09-06T17:32:18.9133575+05:30" testType="13cdc9d9-ddb5-4fa4-a97d-d965ccfc6d4b" outcome="Passed" testListId="8c84fa94-04c1-424b-9868-57a2d4851a1d" relativeResultsDirectory="c6dbdbb0-30c6-4694-9cb0-ad7542d67f82">
    </UnitTestResult>
    <UnitTestResult executionId="02921863-093e-4a2a-b5a7-26f899984fda" testId="3039291a-6a6a-0df2-7e09-a484f4396418" testName="UpdateTask" computerName="DOTNET" duration="00:00:00.0047686" startTime="2018-09-06T17:32:18.9273595+05:30" endTime="2018-09-06T17:32:18.9363584+05:30" testType="13cdc9d9-ddb5-4fa4-a97d-d965ccfc6d4b" outcome="Passed" testListId="8c84fa94-04c1-424b-9868-57a2d4851a1d" relativeResultsDirectory="02921863-093e-4a2a-b5a7-26f899984fda">
    </UnitTestResult>
    <UnitTestResult executionId="54a411c0-d7e6-4fe9-a830-17cc77260e7e" testId="756fe383-90c7-258e-2c4e-bb9caf9dbfb8" testName="AddUser" computerName="DOTNET" duration="00:00:00.0066290" startTime="2018-09-06T17:32:18.9473581+05:30" endTime="2018-09-06T17:32:18.9603602+05:30" testType="13cdc9d9-ddb5-4fa4-a97d-d965ccfc6d4b" outcome="Passed" testListId="8c84fa94-04c1-424b-9868-57a2d4851a1d" relativeResultsDirectory="54a411c0-d7e6-4fe9-a830-17cc77260e7e">
    </UnitTestResult>
    <UnitTestResult executionId="40374f6c-d6cf-48ba-9954-2e60f4ccfe8d" testId="849e0abc-f102-38aa-b4ea-af6c1b089f88" testName="DeleteUser" computerName="DOTNET" duration="00:00:00.0034166" startTime="2018-09-06T17:32:18.9723582+05:30" endTime="2018-09-06T17:32:18.9833593+05:30" testType="13cdc9d9-ddb5-4fa4-a97d-d965ccfc6d4b" outcome="Passed" testListId="8c84fa94-04c1-424b-9868-57a2d4851a1d" relativeResultsDirectory="40374f6c-d6cf-48ba-9954-2e60f4ccfe8d">
    </UnitTestResult>
    <UnitTestResult executionId="8f68c953-5399-4f41-8648-0fec27756aea" testId="c4742d9d-c173-2c37-7672-3745e1e3bf23" testName="GetAllUsers" computerName="DOTNET" duration="00:00:00.0073736" startTime="2018-09-06T17:32:18.9963581+05:30" endTime="2018-09-06T17:32:19.0083597+05:30" testType="13cdc9d9-ddb5-4fa4-a97d-d965ccfc6d4b" outcome="Passed" testListId="8c84fa94-04c1-424b-9868-57a2d4851a1d" relativeResultsDirectory="8f68c953-5399-4f41-8648-0fec27756aea">
    </UnitTestResult>
    <UnitTestResult executionId="2233d08d-3ff5-4be2-bff5-8c441d7581ac" testId="692b5b60-1dff-2f2f-2530-1102cf640d91" testName="GetUser" computerName="DOTNET" duration="00:00:00.0041824" startTime="2018-09-06T17:32:19.0183592+05:30" endTime="2018-09-06T17:32:19.0313595+05:30" testType="13cdc9d9-ddb5-4fa4-a97d-d965ccfc6d4b" outcome="Passed" testListId="8c84fa94-04c1-424b-9868-57a2d4851a1d" relativeResultsDirectory="2233d08d-3ff5-4be2-bff5-8c441d7581ac">
    </UnitTestResult>
    <UnitTestResult executionId="e4271fb0-f39e-4c87-97b9-964c27abe06c" testId="fdfe1506-a0c4-3415-28e3-8ea39463adb8" testName="UpdateUser" computerName="DOTNET" duration="00:00:00.0053192" startTime="2018-09-06T17:32:19.0473589+05:30" endTime="2018-09-06T17:32:19.0603597+05:30" testType="13cdc9d9-ddb5-4fa4-a97d-d965ccfc6d4b" outcome="Passed" testListId="8c84fa94-04c1-424b-9868-57a2d4851a1d" relativeResultsDirectory="e4271fb0-f39e-4c87-97b9-964c27abe06c">
    </UnitTestResult>
  </Results>
</TestRun>